Dataset path resolved to: /tmp/xujg/36478952/IDC_regular_ps50_idx5
Found 277524 images in /tmp/xujg/36478952/IDC_regular_ps50_idx5
Number of kept images: 198738
Final dataset sizes - Train: 119242, Val: 39747, Test: 39749
Epoch 1: Loss = 879.6276909234477
Epoch 2: Loss = 730.920518613146
Epoch 3: Loss = 702.5920432227633
Epoch 4: Loss = 686.8600953378948
Epoch 5: Loss = 677.4527588525331
Epoch 6: Loss = 670.8417871783328
Epoch 7: Loss = 665.3586290445586
Epoch 8: Loss = 660.5518321263166
Epoch 9: Loss = 657.3423213795265
Epoch 10: Loss = 654.945350991838
Epoch 11: Loss = 651.0360521761942
Epoch 12: Loss = 650.0496870335116
Epoch 13: Loss = 646.5848837081313
Epoch 14: Loss = 646.8208721549454
Epoch 15: Loss = 643.6796002955125
Epoch 16: Loss = 640.8313672903633
Epoch 17: Loss = 640.7904537424419
Epoch 18: Loss = 639.7720189037839
Epoch 19: Loss = 639.3603980639163
Epoch 20: Loss = 637.0785015648324
Epoch 21: Loss = 636.0801631018747
Epoch 22: Loss = 635.6137779421261
Epoch 23: Loss = 635.6404360787831
Epoch 24: Loss = 632.9013424053081
Epoch 25: Loss = 633.0412033013745
Epoch 26: Loss = 634.1713302504046
Epoch 27: Loss = 631.1847478172016
Epoch 28: Loss = 631.3203911216266
Epoch 29: Loss = 631.094184318969
Epoch 30: Loss = 629.9246197137439
Epoch 31: Loss = 629.3656755733613
Epoch 32: Loss = 627.8577017679908
Epoch 33: Loss = 628.2001635853977
Epoch 34: Loss = 628.0165923408384
Epoch 35: Loss = 626.857022968522
Epoch 36: Loss = 625.73768729637
Epoch 37: Loss = 626.9466205345536
Epoch 38: Loss = 625.6015283323514
Epoch 39: Loss = 626.1494002218178
Epoch 40: Loss = 624.1568672452869
Epoch 41: Loss = 623.8814949325741
Epoch 42: Loss = 622.4416797877426
Epoch 43: Loss = 622.6884188575019
Epoch 44: Loss = 622.3538718464865
Epoch 45: Loss = 621.1556317719428
Epoch 46: Loss = 622.1263455763803
Epoch 47: Loss = 621.51009059439
Epoch 48: Loss = 621.6743767401587
Epoch 49: Loss = 621.0516001597591
Epoch 50: Loss = 620.7860785471981
Epoch 51: Loss = 620.0731823531662
Epoch 52: Loss = 619.6974158250658
Epoch 53: Loss = 620.0207931926251
Epoch 54: Loss = 618.2708132738989
Epoch 55: Loss = 618.1218717437544
Epoch 56: Loss = 620.1397223909676
Epoch 57: Loss = 619.0493463397963
Epoch 58: Loss = 618.6819607132974
Epoch 59: Loss = 616.699738668265
Epoch 60: Loss = 617.4665093164007
Epoch 61: Loss = 616.8513544802796
Epoch 62: Loss = 615.333875025421
Epoch 63: Loss = 615.9540220727596
Epoch 64: Loss = 617.3330451086341
Epoch 65: Loss = 614.8561704480175
Epoch 66: Loss = 615.194511640456
Epoch 67: Loss = 615.314772066732
Epoch 68: Loss = 615.0664689179882
Epoch 69: Loss = 614.5916890650946
Epoch 70: Loss = 613.9607173922045
Epoch 71: Loss = 615.4371272679718
Epoch 72: Loss = 614.2299824424804
Epoch 73: Loss = 612.4395074066814
Epoch 74: Loss = 613.5858979271146
Epoch 75: Loss = 611.078979027419
Epoch #1 .................................................................................................................................................................................................................................................................................................................................................................................................................................................................................................................................................................................................................................................................................................................................................................................................................................................................................................................................................................... | Loss: 612.4627305644718
Epoch #2 .................................................................................................................................................................................................................................................................................................................................................................................................................................................................................................................................................................................................................................................................................................................................................................................................................................................................................................................................................................... | Loss: 613.5985411036485
Epoch #3 .................................................................................................................................................................................................................................................................................................................................................................................................................................................................................................................................................................................................................................................................................................................................................................................................................................................................................................................................................................... | Loss: 611.4375423574013
Epoch #4 .................................................................................................................................................................................................................................................................................................................................................................................................................................................................................................................................................................................................................................................................................................................................................................................................................................................................................................................................................................... | Loss: 612.4050963259066
Epoch #5 .................................................................................................................................................................................................................................................................................................................................................................................................................................................................................................................................................................................................................................................................................................................................................................................................................................................................................................................................................................... | Loss: 612.6205280346376
Epoch #6 .................................................................................................................................................................................................................................................................................................................................................................................................................................................................................................................................................................................................................................................................................................................................................................................................................................................................................................................................................................... | Loss: 611.5939723354082
Epoch #7 .................................................................................................................................................................................................................................................................................................................................................................................................................................................................................................................................................................................................................................................................................................................................................................................................................................................................................................................................................................... | Loss: 611.6535525902681
Epoch #8 .................................................................................................................................................................................................................................................................................................................................................................................................................................................................................................................................................................................................................................................................................................................................................................................................................................................................................................................................................................... | Loss: 612.0700268086644
Epoch #9 .................................................................................................................................................................................................................................................................................................................................................................................................................................................................................................................................................................................................................................................................................................................................................................................................................................................................................................................................................................... | Loss: 609.7171292806855
Epoch #10 .................................................................................................................................................................................................................................................................................................................................................................................................................................................................................................................................................................................................................................................................................................................................................................................................................................................................................................................................................................... | Loss: 611.8534865677572
Shape of test_images: torch.Size([128, 3, 64, 64])
Shape of recon_images: torch.Size([128, 3, 64, 64])
Saving images...
File exists: True
Image saved at: /tmp/xujg/36478952/output/images.png
Latent space shape: (39749, 96)
Saving t-SNE plot...
File exists: True
Plot saved at: /tmp/xujg/36478952/output/plot.png
Encoder weights saved at: /tmp/xujg/36478952/output/base_encoder.pth
