Dataset path resolved to: /tmp/xujg/36478951/IDC_regular_ps50_idx5
Found 277524 images in /tmp/xujg/36478951/IDC_regular_ps50_idx5
Number of kept images: 198738
Final dataset sizes - Train: 119242, Val: 39747, Test: 39749
Epoch 1: Loss = 931.7934247226754
Epoch 2: Loss = 757.5831219285151
Epoch 3: Loss = 731.1734908382218
Epoch 4: Loss = 717.4004528671211
Epoch 5: Loss = 706.2194688964983
Epoch 6: Loss = 697.8604609612175
Epoch 7: Loss = 689.537841997524
Epoch 8: Loss = 681.8903046496306
Epoch 9: Loss = 675.8772289886324
Epoch 10: Loss = 671.9612434036455
Epoch 11: Loss = 665.3677524291462
Epoch 12: Loss = 660.7609906482196
Epoch 13: Loss = 657.9838142640073
Epoch 14: Loss = 652.2503469506864
Epoch 15: Loss = 648.0013332917513
Epoch 16: Loss = 646.0103426094622
Epoch 17: Loss = 644.1602212111189
Epoch 18: Loss = 642.4654961457057
Epoch 19: Loss = 640.6439272393536
Epoch 20: Loss = 638.0930726419277
Epoch 21: Loss = 637.8369949936368
Epoch 22: Loss = 635.5878524279931
Epoch 23: Loss = 635.0405149690336
Epoch 24: Loss = 633.7528401079842
Epoch 25: Loss = 631.9726579207096
Epoch 26: Loss = 632.0015155956479
Epoch 27: Loss = 630.6889535173219
Epoch 28: Loss = 629.5238260218715
Epoch 29: Loss = 629.1212524346497
Epoch 30: Loss = 629.2797867532518
Epoch 31: Loss = 627.9802191590945
Epoch 32: Loss = 626.6716995427366
Epoch 33: Loss = 625.9162567313216
Epoch 34: Loss = 624.9736298478095
Epoch 35: Loss = 625.5010748886717
Epoch 36: Loss = 624.4942080102858
Epoch 37: Loss = 623.5148978809899
Epoch 38: Loss = 624.1863690606602
Epoch 39: Loss = 623.6233053763565
Epoch 40: Loss = 622.9118983742096
Epoch 41: Loss = 622.0574989110904
Epoch 42: Loss = 621.8768005007673
Epoch 43: Loss = 620.9262258225394
Epoch 44: Loss = 620.2057227240612
Epoch 45: Loss = 619.9256319671865
Epoch 46: Loss = 619.4869550014362
Epoch 47: Loss = 619.5934602137879
Epoch 48: Loss = 619.915826245157
Epoch 49: Loss = 618.5602281953402
Epoch 50: Loss = 618.0392476539307
Epoch 51: Loss = 618.1436387962609
Epoch 52: Loss = 616.7747281395187
Epoch 53: Loss = 617.4442235904714
Epoch 54: Loss = 616.7072126694034
Epoch 55: Loss = 616.8163034194642
Epoch 56: Loss = 616.8873042845642
Epoch 57: Loss = 616.1178191592518
Epoch 58: Loss = 615.4852196911008
Epoch 59: Loss = 615.6380530245216
Epoch 60: Loss = 614.0140682262752
Epoch 61: Loss = 614.3203492228514
Epoch 62: Loss = 615.0157652085675
Epoch 63: Loss = 614.1872182069866
Epoch 64: Loss = 613.3296782357517
Epoch 65: Loss = 614.2792973663852
Epoch 66: Loss = 613.1529837627996
Epoch 67: Loss = 614.1209022735802
Epoch 68: Loss = 612.9638048634814
Epoch 69: Loss = 612.4886397973763
Epoch 70: Loss = 613.5531336090681
Epoch 71: Loss = 612.1566015697069
Epoch 72: Loss = 611.8675458180633
Epoch 73: Loss = 611.1162133125283
Epoch 74: Loss = 611.7767208701632
Epoch 75: Loss = 610.2150896391372
Epoch #1 .................................................................................................................................................................................................................................................................................................................................................................................................................................................................................................................................................................................................................................................................................................................................................................................................................................................................................................................................................................... | Loss: 611.4886912617827
Epoch #2 .................................................................................................................................................................................................................................................................................................................................................................................................................................................................................................................................................................................................................................................................................................................................................................................................................................................................................................................................................................... | Loss: 611.2919343187069
Epoch #3 .................................................................................................................................................................................................................................................................................................................................................................................................................................................................................................................................................................................................................................................................................................................................................................................................................................................................................................................................................................... | Loss: 610.5943287534488
Epoch #4 .................................................................................................................................................................................................................................................................................................................................................................................................................................................................................................................................................................................................................................................................................................................................................................................................................................................................................................................................................................... | Loss: 610.6637180717574
Epoch #5 .................................................................................................................................................................................................................................................................................................................................................................................................................................................................................................................................................................................................................................................................................................................................................................................................................................................................................................................................................................... | Loss: 610.3915099846845
Epoch #6 .................................................................................................................................................................................................................................................................................................................................................................................................................................................................................................................................................................................................................................................................................................................................................................................................................................................................................................................................................................... | Loss: 609.7134289865882
Epoch #7 .................................................................................................................................................................................................................................................................................................................................................................................................................................................................................................................................................................................................................................................................................................................................................................................................................................................................................................................................................................... | Loss: 610.278723395752
Epoch #8 .................................................................................................................................................................................................................................................................................................................................................................................................................................................................................................................................................................................................................................................................................................................................................................................................................................................................................................................................................................... | Loss: 608.989439444837
Epoch #9 .................................................................................................................................................................................................................................................................................................................................................................................................................................................................................................................................................................................................................................................................................................................................................................................................................................................................................................................................................................... | Loss: 609.8566619642198
Epoch #10 .................................................................................................................................................................................................................................................................................................................................................................................................................................................................................................................................................................................................................................................................................................................................................................................................................................................................................................................................................................... | Loss: 609.2994478272127
Shape of test_images: torch.Size([128, 3, 64, 64])
Shape of recon_images: torch.Size([128, 3, 64, 64])
Saving images...
File exists: True
Image saved at: /tmp/xujg/36478951/output/images.png
Latent space shape: (39749, 96)
Saving t-SNE plot...
File exists: True
Plot saved at: /tmp/xujg/36478951/output/plot.png
Encoder weights saved at: /tmp/xujg/36478951/output/frozen_encoder.pth
