Dataset path resolved to: /tmp/xujg/36480381/IDC_regular_ps50_idx5
Found 277524 images in /tmp/xujg/36480381/IDC_regular_ps50_idx5
Number of kept images: 198738
Final dataset sizes - Train: 119242, Val: 39747, Test: 39749
Epoch 1: Loss = 742.721131809419
Epoch 2: Loss = 586.3190941923776
Epoch 3: Loss = 568.0697911730975
Epoch 4: Loss = 555.0561318447988
Epoch 5: Loss = 545.7159622081565
Epoch 6: Loss = 540.5503049994968
Epoch 7: Loss = 534.0516701985249
Epoch 8: Loss = 529.8022028928041
Epoch 9: Loss = 526.1294001903692
Epoch 10: Loss = 522.9996621563187
Epoch 11: Loss = 524.1667253162162
Epoch 12: Loss = 522.1282731493517
Epoch 13: Loss = 524.88402989037
Epoch 14: Loss = 520.2379381976359
Epoch 15: Loss = 518.5695579616977
Epoch 16: Loss = 518.1170913850615
Epoch 17: Loss = 518.9420990703255
Epoch 18: Loss = 517.4691530668724
Epoch 19: Loss = 516.03552560785
Epoch 20: Loss = 514.1999549432561
Epoch 21: Loss = 513.0392202837769
Epoch 22: Loss = 515.0241527274891
Epoch 23: Loss = 513.8518564138475
Epoch 24: Loss = 514.4269507139368
Epoch 25: Loss = 512.4820807554175
Epoch 26: Loss = 511.2594544471537
Epoch 27: Loss = 510.65839571522616
Epoch 28: Loss = 511.13818317607263
Epoch 29: Loss = 511.4680254034338
Epoch 30: Loss = 511.4681758328127
Epoch 31: Loss = 510.62193699970436
Epoch 32: Loss = 513.1409420417093
Epoch 33: Loss = 509.887401251237
Epoch 34: Loss = 514.6996802589482
Epoch 35: Loss = 509.4164928582735
Epoch 36: Loss = 509.970404559373
Epoch 37: Loss = 508.5258066316818
Epoch 38: Loss = 509.99661140789317
Epoch 39: Loss = 511.86261221271656
Epoch 40: Loss = 507.33373606169596
Epoch 41: Loss = 506.7168858812331
Epoch 42: Loss = 508.65082225773006
Epoch 43: Loss = 508.3019167756013
Epoch 44: Loss = 508.7400142016865
Epoch 45: Loss = 507.2554299698827
Epoch 46: Loss = 507.8388811264592
Epoch 47: Loss = 509.47925181825616
Epoch 48: Loss = 506.45837060216826
Epoch 49: Loss = 505.57432823061504
Epoch 50: Loss = 507.1462192235643
Epoch 51: Loss = 508.02331019848293
Epoch 52: Loss = 505.5540513200047
Epoch 53: Loss = 507.39848807991314
Epoch 54: Loss = 506.91635474628276
Epoch 55: Loss = 505.10470087878014
Epoch 56: Loss = 505.4071784558922
Epoch 57: Loss = 505.3778235646836
Epoch 58: Loss = 504.26125416170476
Epoch 59: Loss = 506.3005352953448
Epoch 60: Loss = 506.2591784524853
Epoch 61: Loss = 505.82561569250976
Epoch 62: Loss = 505.78835700193724
Epoch 63: Loss = 504.81816809513424
Epoch 64: Loss = 503.3046442581054
Epoch 65: Loss = 504.0113488352468
Epoch 66: Loss = 503.7701077103181
Epoch 67: Loss = 504.60560089985074
Epoch 68: Loss = 504.79631282261073
Epoch 69: Loss = 502.43960725614716
Epoch 70: Loss = 504.25034731103557
Epoch 71: Loss = 504.54365285642854
Epoch 72: Loss = 502.0096387493501
Epoch 73: Loss = 502.00368126111186
Epoch 74: Loss = 502.0465585807119
Epoch 75: Loss = 502.3019171031914
Epoch #1 .................................................................................................................................................................................................................................................................................................................................................................................................................................................................................................................................................................................................................................................................................................................................................................................................................................................................................................................................................................... | Loss: 504.24799410023314
Epoch #2 .................................................................................................................................................................................................................................................................................................................................................................................................................................................................................................................................................................................................................................................................................................................................................................................................................................................................................................................................................................... | Loss: 505.4204177809098
Epoch #3 .................................................................................................................................................................................................................................................................................................................................................................................................................................................................................................................................................................................................................................................................................................................................................................................................................................................................................................................................................................... | Loss: 503.4035556040971
Epoch #4 .................................................................................................................................................................................................................................................................................................................................................................................................................................................................................................................................................................................................................................................................................................................................................................................................................................................................................................................................................................... | Loss: 501.82540819693355
Epoch #5 .................................................................................................................................................................................................................................................................................................................................................................................................................................................................................................................................................................................................................................................................................................................................................................................................................................................................................................................................................................... | Loss: 500.120514537925
Epoch #6 .................................................................................................................................................................................................................................................................................................................................................................................................................................................................................................................................................................................................................................................................................................................................................................................................................................................................................................................................................................... | Loss: 499.91412213777966
Epoch #7 .................................................................................................................................................................................................................................................................................................................................................................................................................................................................................................................................................................................................................................................................................................................................................................................................................................................................................................................................................................... | Loss: 499.69438781139405
Epoch #8 .................................................................................................................................................................................................................................................................................................................................................................................................................................................................................................................................................................................................................................................................................................................................................................................................................................................................................................................................................................... | Loss: 499.8106606142865
Epoch #9 .................................................................................................................................................................................................................................................................................................................................................................................................................................................................................................................................................................................................................................................................................................................................................................................................................................................................................................................................................................... | Loss: 499.99085712380077
Epoch #10 .................................................................................................................................................................................................................................................................................................................................................................................................................................................................................................................................................................................................................................................................................................................................................................................................................................................................................................................................................................... | Loss: 499.2345983836966
Shape of test_images: torch.Size([128, 3, 64, 64])
Shape of recon_images: torch.Size([128, 3, 64, 64])
Saving images...
File exists: True
Image saved at: /tmp/xujg/36480381/output/images.png
Latent space shape: (39749, 96)
Saving t-SNE plot...
File exists: True
Plot saved at: /tmp/xujg/36480381/output/plot.png
Encoder weights saved at: /tmp/xujg/36480381/output/unfrozen_encoder.pth
